app
components
config
config.php
config_example.php
jobby.php
logs
migrations
storage
tests
app
components
config
config.php
config_example.php
jobby.php
logs
migrations
storage
tests
app
components
config
config.php
config_example.php
jobby.php
logs
migrations
storage
tests
app
components
config
config.php
config_example.php
jobby.php
logs
migrations
storage
tests
app
components
config
config.php
config_example.php
jobby.php
logs
migrations
storage
tests
app
components
config
config.php
config_example.php
jobby.php
logs
migrations
storage
tests
app
components
config
config.php
config_example.php
jobby.php
logs
migrations
storage
tests
app
components
config
config.php
config_example.php
jobby.php
logs
migrations
storage
tests
